2020-04-21 16:28:36,290 - config.getMobile - INFO - Success get mobile data, spend 0.016539812088012695 seconds
2020-04-21 16:28:36,291 - common.mySelenium - INFO - Start a new browser: chrome
2020-04-21 16:28:38,447 - common.mySelenium - INFO - Success Open "chrome" browser.
2020-04-21 16:28:58,743 - config.getMobile - INFO - Success get mobile data, spend 0.0060160160064697266 seconds
2020-04-21 16:28:58,744 - common.mySelenium - INFO - Start a new browser: chrome
2020-04-21 16:29:00,878 - common.mySelenium - INFO - Success Open "chrome" browser.
2020-04-21 16:29:44,549 - config.getMobile - INFO - Success get mobile data, spend 0.006018638610839844 seconds
2020-04-21 16:29:44,550 - common.mySelenium - INFO - Start a new browser: chrome
2020-04-21 16:29:46,651 - common.mySelenium - INFO - Success Open "chrome" browser.
2020-04-21 16:30:06,612 - config.getMobile - INFO - Success get mobile data, spend 0.0060160160064697266 seconds
2020-04-21 16:30:06,612 - common.mySelenium - INFO - Start a new browser: chrome
2020-04-21 16:30:08,742 - common.mySelenium - INFO - Success Open "chrome" browser.
2020-04-21 16:30:19,751 - config.getMobile - INFO - Success get mobile data, spend 0.0060155391693115234 seconds
2020-04-21 16:30:19,752 - common.mySelenium - INFO - Start a new browser: chrome
2020-04-21 16:30:21,881 - common.mySelenium - INFO - Success Open "chrome" browser.
2020-04-21 16:30:21,883 - common.mySelenium - INFO - Success Open url: https://admin.xiaoe-tech.com/login_page?reg_source=0101&xeuti=ituex#/acount, spend 0.0015032291412353516 seconds
2020-04-21 16:30:23,293 - common.mySelenium - INFO - Success Find element "//div[@class="phoneWrapper"]/div/input" through "xpath", spend 1.409411907196045 seconds
2020-04-21 16:30:23,327 - common.mySelenium - INFO - Success clear element: "<selenium.webdriver.remote.webelement.WebElement (session="77248fd2ae4d7029f2700dd9629d9988", element="0.04253794651456877-1")>" content, this is show:""
2020-04-21 16:30:23,372 - common.mySelenium - INFO - Success Send keys:"xpath->//div[@class="phoneWrapper"]/div/input" content: "15779582092", spend 1.4891400337219238 seconds
2020-04-21 16:30:23,388 - common.mySelenium - INFO - Success Find element "//div[@class="passwordWrapper"]/div/input" through "xpath", spend 0.01554107666015625 seconds
2020-04-21 16:30:23,420 - common.mySelenium - INFO - Success clear element: "<selenium.webdriver.remote.webelement.WebElement (session="77248fd2ae4d7029f2700dd9629d9988", element="0.04253794651456877-2")>" content, this is show:""
2020-04-21 16:30:23,448 - common.mySelenium - INFO - Success Send keys:"xpath->//div[@class="passwordWrapper"]/div/input" content: "123456", spend 0.07522439956665039 seconds
2020-04-21 16:30:23,464 - common.mySelenium - INFO - Success Find element "login-btn" through "class", spend 0.016519546508789062 seconds
2020-04-21 16:30:23,493 - common.mySelenium - INFO - Success Click element:"class->login-btn", spend 0.04509425163269043 seconds
2020-04-21 16:30:23,501 - common.mySelenium - ERROR - 切换iframe窗口失败，原因: Message: no such frame
  (Session info: chrome=74.0.3729.157)
  (Driver info: chromedriver=74.0.3729.6 (255758eccf3d244491b8a1317aa76e1ce10d57e9-refs/branch-heads/3729@{#29}),platform=Windows NT 10.0.16299 x86_64)

2020-04-21 16:31:43,769 - config.getMobile - INFO - Success get mobile data, spend 0.006018877029418945 seconds
2020-04-21 16:31:43,769 - common.mySelenium - INFO - Start a new browser: chrome
2020-04-21 16:31:45,886 - common.mySelenium - INFO - Success Open "chrome" browser.
2020-04-21 16:31:45,886 - common.mySelenium - INFO - Success Open url: https://admin.xiaoe-tech.com/login_page?reg_source=0101&xeuti=ituex#/acount, spend 0.0009784698486328125 seconds
2020-04-21 16:31:46,938 - common.mySelenium - INFO - Success Find element "//div[@class="phoneWrapper"]/div/input" through "xpath", spend 1.0504240989685059 seconds
2020-04-21 16:31:46,972 - common.mySelenium - INFO - Success clear element: "<selenium.webdriver.remote.webelement.WebElement (session="9953bf27f7ad246dbdc2528ca271e8d3", element="0.7846864545789649-1")>" content, this is show:""
2020-04-21 16:31:47,020 - common.mySelenium - INFO - Success Send keys:"xpath->//div[@class="phoneWrapper"]/div/input" content: "15779582092", spend 1.1328961849212646 seconds
2020-04-21 16:31:47,036 - common.mySelenium - INFO - Success Find element "//div[@class="passwordWrapper"]/div/input" through "xpath", spend 0.016041278839111328 seconds
2020-04-21 16:31:47,067 - common.mySelenium - INFO - Success clear element: "<selenium.webdriver.remote.webelement.WebElement (session="9953bf27f7ad246dbdc2528ca271e8d3", element="0.7846864545789649-2")>" content, this is show:""
2020-04-21 16:31:47,098 - common.mySelenium - INFO - Success Send keys:"xpath->//div[@class="passwordWrapper"]/div/input" content: "123456", spend 0.07770466804504395 seconds
2020-04-21 16:31:47,113 - common.mySelenium - INFO - Success Find element "login-btn" through "class", spend 0.015040159225463867 seconds
2020-04-21 16:31:47,142 - common.mySelenium - INFO - Success Click element:"class->login-btn", spend 0.04413461685180664 seconds
2020-04-21 16:31:49,152 - common.mySelenium - INFO - 成功切换iframe窗口: tcaptcha_iframe
2020-04-21 16:31:50,171 - common.mySelenium - INFO - Success Find element "slideBg" through "id", spend 0.019028425216674805 seconds
2020-04-21 16:31:50,175 - common.mySelenium - INFO - 成功获取到元素: "id->slideBg" 属性值"src": "https://hy.captcha.qq.com/hycdn_1_936898105307552256_0?aid=2079047974&protocol=https&accver=1&showtype=popup&ua=TW96aWxsYS81LjAgKFdpbmRvd3MgTlQgMTAuMDsgV2luNjQ7IHg2NCkgQXBwbGVXZWJLaXQvNTM3LjM2IChLSFRNTCwgbGlrZSBHZWNrbykgQ2hyb21lLzc0LjAuMzcyOS4xNTcgU2FmYXJpLzUzNy4zNg%3D%3D&noheader=1&fb=1&enableDarkMode=0&fpinfo=fpsig%3Dundefined&grayscale=1&clientype=2&subsid=3&sess=vENvaPvvHGEjIc4aPB30EsaKubwtfyBELbz7Ssql-UjQocgFuiGKjOcHjvba-ZfmyuUinagOuCsW1QxXuGU-5As6xy9UFM0_m7HAgKnIKSuYQ16wiZbeXzaLYTpS4R_cDA7iLyyt0ijlNanXB7iOn4IH2oUJ4ihsScE6ZZ9T6zexb1W7MZgTCnSSytnaH3-jgLTe4uoCSPs58IlyJUa9ZQ**&fwidth=0&sid=6818079795794334348&forcestyle=undefined&wxLang=&tcScale=1&uid=&cap_cd=&rnd=547516&TCapIframeLoadTime=undefined&prehandleLoadTime=41&createIframeStart=1587457907186&rand=53225027&websig=c47c0f3735070648231ff30d42a72aaa4a765fa25f71a5388342d98f7512d74af678e78844826dd561adc379b452489ae216078b91f98166ceba5750146075c8&vsig=c01_Lm_Ai69MFze1SaN7NBBvyYIKIzA41lA4Z_EvmhrCMglXCwMDDc48GebPjg0CP4zVy1XxI4RVL5QRSc_xLEQJF3zvzYUiIRXp8BeC75BpqZso3N64OdUJbBNqdaeYsNhd6qL5JGb-aascTbXQy2L52YVqNNoDmDwTCiabKfcbSU*&img_index=1"
2020-04-21 16:31:50,192 - common.mySelenium - INFO - Success Find element "slideBlock" through "id", spend 0.01704549789428711 seconds
2020-04-21 16:31:50,196 - common.mySelenium - INFO - 成功获取到元素: "id->slideBlock" 属性值"src": "https://hy.captcha.qq.com/hycdn_2_936898105307552256_0?aid=2079047974&protocol=https&accver=1&showtype=popup&ua=TW96aWxsYS81LjAgKFdpbmRvd3MgTlQgMTAuMDsgV2luNjQ7IHg2NCkgQXBwbGVXZWJLaXQvNTM3LjM2IChLSFRNTCwgbGlrZSBHZWNrbykgQ2hyb21lLzc0LjAuMzcyOS4xNTcgU2FmYXJpLzUzNy4zNg%3D%3D&noheader=1&fb=1&enableDarkMode=0&fpinfo=fpsig%3Dundefined&grayscale=1&clientype=2&subsid=4&sess=vENvaPvvHGEjIc4aPB30EsaKubwtfyBELbz7Ssql-UjQocgFuiGKjOcHjvba-ZfmyuUinagOuCsW1QxXuGU-5As6xy9UFM0_m7HAgKnIKSuYQ16wiZbeXzaLYTpS4R_cDA7iLyyt0ijlNanXB7iOn4IH2oUJ4ihsScE6ZZ9T6zexb1W7MZgTCnSSytnaH3-jgLTe4uoCSPs58IlyJUa9ZQ**&fwidth=0&sid=6818079795794334348&forcestyle=undefined&wxLang=&tcScale=1&uid=&cap_cd=&rnd=547516&TCapIframeLoadTime=undefined&prehandleLoadTime=41&createIframeStart=1587457907186&rand=53225027&websig=c47c0f3735070648231ff30d42a72aaa4a765fa25f71a5388342d98f7512d74af678e78844826dd561adc379b452489ae216078b91f98166ceba5750146075c8&vsig=c01_Lm_Ai69MFze1SaN7NBBvyYIKIzA41lA4Z_EvmhrCMglXCwMDDc48GebPjg0CP4zVy1XxI4RVL5QRSc_xLEQJF3zvzYUiIRXp8BeC75BpqZso3N64OdUJbBNqdaeYsNhd6qL5JGb-aascTbXQy2L52YVqNNoDmDwTCiabKfcbSU*&img_index=2"
2020-04-21 16:31:50,213 - common.mySelenium - INFO - Success Execute script: "window.open('');", spend 0.017017364501953125 seconds
2020-04-21 16:31:50,220 - common.mySelenium - INFO - 成功切换handle窗口: CDwindow-F2529D15DE5277BBFEFBEC1EEB0AD05A
2020-04-21 16:31:51,243 - common.mySelenium - INFO - Success Open url: https://hy.captcha.qq.com/hycdn_1_936898105307552256_0?aid=2079047974&protocol=https&accver=1&showtype=popup&ua=TW96aWxsYS81LjAgKFdpbmRvd3MgTlQgMTAuMDsgV2luNjQ7IHg2NCkgQXBwbGVXZWJLaXQvNTM3LjM2IChLSFRNTCwgbGlrZSBHZWNrbykgQ2hyb21lLzc0LjAuMzcyOS4xNTcgU2FmYXJpLzUzNy4zNg%3D%3D&noheader=1&fb=1&enableDarkMode=0&fpinfo=fpsig%3Dundefined&grayscale=1&clientype=2&subsid=3&sess=vENvaPvvHGEjIc4aPB30EsaKubwtfyBELbz7Ssql-UjQocgFuiGKjOcHjvba-ZfmyuUinagOuCsW1QxXuGU-5As6xy9UFM0_m7HAgKnIKSuYQ16wiZbeXzaLYTpS4R_cDA7iLyyt0ijlNanXB7iOn4IH2oUJ4ihsScE6ZZ9T6zexb1W7MZgTCnSSytnaH3-jgLTe4uoCSPs58IlyJUa9ZQ**&fwidth=0&sid=6818079795794334348&forcestyle=undefined&wxLang=&tcScale=1&uid=&cap_cd=&rnd=547516&TCapIframeLoadTime=undefined&prehandleLoadTime=41&createIframeStart=1587457907186&rand=53225027&websig=c47c0f3735070648231ff30d42a72aaa4a765fa25f71a5388342d98f7512d74af678e78844826dd561adc379b452489ae216078b91f98166ceba5750146075c8&vsig=c01_Lm_Ai69MFze1SaN7NBBvyYIKIzA41lA4Z_EvmhrCMglXCwMDDc48GebPjg0CP4zVy1XxI4RVL5QRSc_xLEQJF3zvzYUiIRXp8BeC75BpqZso3N64OdUJbBNqdaeYsNhd6qL5JGb-aascTbXQy2L52YVqNNoDmDwTCiabKfcbSU*&img_index=1, spend 1.0228524208068848 seconds
2020-04-21 16:31:55,565 - common.mySelenium - INFO - Success Get current page screenshot, spend 0.3220183849334717 seconds
2020-04-21 16:31:55,566 - common.slider_captcha.py - INFO - 成功保存验证码背景图: "D:\study\python\UiAutomation\report\screen_shot\captcha_background.png"
2020-04-21 16:31:55,608 - common.slider_captcha.py - INFO - 成功裁剪验证码背景图: "D:\study\python\UiAutomation\report\screen_shot\captcha_background_crop.png"
2020-04-21 16:31:55,623 - common.mySelenium - INFO - Success Execute script: "window.open('');", spend 0.014539003372192383 seconds
2020-04-21 16:31:55,629 - common.mySelenium - INFO - 成功切换handle窗口: CDwindow-90F62E943F29BCA76BD52FB88FB06076
2020-04-21 16:31:56,636 - common.mySelenium - INFO - Success Open url: https://hy.captcha.qq.com/hycdn_2_936898105307552256_0?aid=2079047974&protocol=https&accver=1&showtype=popup&ua=TW96aWxsYS81LjAgKFdpbmRvd3MgTlQgMTAuMDsgV2luNjQ7IHg2NCkgQXBwbGVXZWJLaXQvNTM3LjM2IChLSFRNTCwgbGlrZSBHZWNrbykgQ2hyb21lLzc0LjAuMzcyOS4xNTcgU2FmYXJpLzUzNy4zNg%3D%3D&noheader=1&fb=1&enableDarkMode=0&fpinfo=fpsig%3Dundefined&grayscale=1&clientype=2&subsid=4&sess=vENvaPvvHGEjIc4aPB30EsaKubwtfyBELbz7Ssql-UjQocgFuiGKjOcHjvba-ZfmyuUinagOuCsW1QxXuGU-5As6xy9UFM0_m7HAgKnIKSuYQ16wiZbeXzaLYTpS4R_cDA7iLyyt0ijlNanXB7iOn4IH2oUJ4ihsScE6ZZ9T6zexb1W7MZgTCnSSytnaH3-jgLTe4uoCSPs58IlyJUa9ZQ**&fwidth=0&sid=6818079795794334348&forcestyle=undefined&wxLang=&tcScale=1&uid=&cap_cd=&rnd=547516&TCapIframeLoadTime=undefined&prehandleLoadTime=41&createIframeStart=1587457907186&rand=53225027&websig=c47c0f3735070648231ff30d42a72aaa4a765fa25f71a5388342d98f7512d74af678e78844826dd561adc379b452489ae216078b91f98166ceba5750146075c8&vsig=c01_Lm_Ai69MFze1SaN7NBBvyYIKIzA41lA4Z_EvmhrCMglXCwMDDc48GebPjg0CP4zVy1XxI4RVL5QRSc_xLEQJF3zvzYUiIRXp8BeC75BpqZso3N64OdUJbBNqdaeYsNhd6qL5JGb-aascTbXQy2L52YVqNNoDmDwTCiabKfcbSU*&img_index=2, spend 1.0069644451141357 seconds
2020-04-21 16:32:00,882 - common.mySelenium - INFO - Success Get current page screenshot, spend 0.24596047401428223 seconds
2020-04-21 16:32:00,882 - common.slider_captcha.py - INFO - 成功保存验证码拼图块: "D:\study\python\UiAutomation\report\screen_shot\captcha_puzzle.png"
2020-04-21 16:32:00,891 - common.slider_captcha.py - INFO - 成功裁剪验证码拼图块: "D:\study\python\UiAutomation\report\screen_shot\captcha_puzzle_crop.png"
2020-04-21 16:32:00,902 - common.mySelenium - INFO - 成功切换handle窗口: CDwindow-16F55AFABFBE7497EF0F1DAF10782266
2020-04-21 16:32:03,009 - common.mySelenium - INFO - 成功切换iframe窗口: tcaptcha_iframe
2020-04-21 16:32:03,075 - common.slider_captcha.py - INFO - 成功得出移动距离
2020-04-21 16:32:03,075 - common.slider_captcha.py - INFO - 成功得出移动距离: 202
2020-04-21 16:32:03,094 - common.mySelenium - INFO - Success Find element "tcaptcha_drag_thumb" through "id", spend 0.01905083656311035 seconds
2020-04-21 16:32:13,286 - common.mySelenium - INFO - Fail Unable to find element "slideBg" through "id", spend 8.123038053512573 seconds
2020-04-21 16:32:13,286 - common.mySelenium - ERROR - Message: Element: "slideBg" not fount in 8 seconds

