2019-12-03 11:18:34,746 - config.mobile - INFO - Success get mobile data, spend 0.012653112411499023 seconds
2019-12-03 11:18:34,749 - common.Mymobile - INFO - ****************************************  start  **************************************************
2019-12-03 11:18:41,551 - common.mySelenium - INFO - Success Open "掌上WeGame" app, spend 6.801665544509888 seconds
2019-12-03 11:18:46,558 - common.Mymobile - INFO - ****************************************  end  **************************************************
2019-12-03 11:18:47,412 - common.mySelenium - INFO - Success Quit window/app. spend 0.8537600040435791 seconds
2019-12-03 11:19:14,863 - config.mobile - INFO - Success get mobile data, spend 0.007522106170654297 seconds
2019-12-03 11:19:14,866 - common.Mymobile - INFO - ****************************************  start  **************************************************
2019-12-03 11:19:21,378 - common.mySelenium - INFO - Success Open "掌上WeGame" app, spend 6.511550426483154 seconds
2019-12-03 11:19:26,710 - common.mySelenium - INFO - Fail Unable to find element:"id->com.tencent.tgp:id/qqLogin1", spend 5.330779790878296 seconds
2019-12-03 11:19:31,712 - common.Mymobile - INFO - ****************************************  end  **************************************************
2019-12-03 11:19:32,615 - common.mySelenium - INFO - Success Quit window/app. spend 0.902773380279541 seconds
2019-12-03 11:20:48,560 - config.mobile - INFO - Success get mobile data, spend 0.005514621734619141 seconds
2019-12-03 11:20:48,562 - common.Mymobile - INFO - ****************************************  start  **************************************************
2019-12-03 11:20:54,960 - common.mySelenium - INFO - Success Open "掌上WeGame" app, spend 6.39819860458374 seconds
2019-12-03 11:20:56,423 - common.mySelenium - INFO - Success Find targeting element:"id->com.tencent.tgp:id/qqLogin", spend 1.4622652530670166 seconds
2019-12-03 11:21:01,425 - common.Mymobile - INFO - ****************************************  end  **************************************************
2019-12-03 11:21:02,293 - common.mySelenium - INFO - Success Quit window/app. spend 0.867720365524292 seconds
2019-12-03 11:24:39,531 - config.mobile - INFO - Success get mobile data, spend 0.005514621734619141 seconds
2019-12-03 11:24:39,534 - common.Mymobile - INFO - ****************************************  start  **************************************************
2019-12-03 11:24:45,968 - common.mySelenium - INFO - Success Open "掌上WeGame" app, spend 6.4339563846588135 seconds
2019-12-03 11:24:51,072 - common.mySelenium - INFO - Success Find targeting element:"id->com.tencent.tgp:id/qqLogin", spend 5.103569269180298 seconds
2019-12-03 11:24:56,074 - common.Mymobile - INFO - ****************************************  end  **************************************************
2019-12-03 11:24:57,021 - common.mySelenium - INFO - Success Quit window/app. spend 0.9468905925750732 seconds
2019-12-03 11:25:29,459 - config.mobile - INFO - Success get mobile data, spend 0.005514621734619141 seconds
2019-12-03 11:25:29,461 - common.Mymobile - INFO - ****************************************  start  **************************************************
2019-12-03 11:25:36,094 - common.mySelenium - INFO - Success Open "掌上WeGame" app, spend 6.632763385772705 seconds
2019-12-03 11:25:37,021 - common.mySelenium - INFO - Success Find targeting element:"id->com.tencent.tgp:id/qqLogin", spend 0.9260327816009521 seconds
2019-12-03 11:25:42,023 - common.Mymobile - INFO - ****************************************  end  **************************************************
2019-12-03 11:25:42,903 - common.mySelenium - INFO - Success Quit window/app. spend 0.8792805671691895 seconds
2019-12-03 11:30:15,837 - config.mobile - INFO - Success get mobile data, spend 0.005514621734619141 seconds
2019-12-03 11:30:15,844 - Mytest.Mytest - INFO - ****************************************  start  **************************************************
2019-12-03 11:30:15,845 - common.mySelenium - INFO - Start a new browser: chrome
2019-12-03 11:30:17,963 - common.mySelenium - INFO - Success Open "chrome" browser.
2019-12-03 11:30:19,083 - common.mySelenium - INFO - Success Maximize window, spend 1.1209118366241455 seconds
2019-12-03 11:30:24,194 - common.mySelenium - INFO - Success Quit window/app. spend 2.108154058456421 seconds
2019-12-03 11:30:24,194 - Mytest.Mytest - INFO - ****************************************  end  **************************************************
2019-12-03 11:30:59,081 - config.mobile - INFO - Success get mobile data, spend 0.0055141448974609375 seconds
2019-12-03 11:30:59,083 - Mytest.Mytest - INFO - ****************************************  start  **************************************************
2019-12-03 11:30:59,083 - common.mySelenium - INFO - Start a new browser: chrome
2019-12-03 11:31:01,149 - common.mySelenium - INFO - Success Open "chrome" browser.
2019-12-03 11:31:02,273 - common.mySelenium - INFO - Success Maximize window, spend 1.1237092018127441 seconds
2019-12-03 11:31:07,361 - common.mySelenium - INFO - Success Quit window/app. spend 2.083757162094116 seconds
2019-12-03 11:31:07,361 - Mytest.Mytest - INFO - ****************************************  end  **************************************************
2019-12-03 11:31:23,459 - config.mobile - INFO - Success get mobile data, spend 0.0055387020111083984 seconds
2019-12-03 11:31:23,461 - Mytest.Mytest - INFO - ****************************************  start  **************************************************
2019-12-03 11:31:23,461 - common.mySelenium - INFO - Start a new browser: chrome
2019-12-03 11:31:25,517 - common.mySelenium - INFO - Success Open "chrome" browser.
2019-12-03 11:31:26,634 - common.mySelenium - INFO - Success Maximize window, spend 1.1169323921203613 seconds
2019-12-03 11:31:28,272 - common.mySelenium - INFO - Success Open url: https://www.ztestin.com/, spend 1.6374614238739014 seconds
2019-12-03 11:31:28,296 - common.mySelenium - INFO - Success Find targeting element:"class->nav_fff", spend 0.023555517196655273 seconds
2019-12-03 11:31:28,303 - common.mySelenium - INFO - Success Find element "nav_fff" through "class", spend 0.006541728973388672 seconds
2019-12-03 11:31:28,831 - common.mySelenium - INFO - Success Click element:"class->nav_fff", spend 0.5353655815124512 seconds
2019-12-03 11:31:33,946 - common.mySelenium - INFO - Success Quit window/app. spend 2.1136415004730225 seconds
2019-12-03 11:31:33,946 - Mytest.Mytest - INFO - ****************************************  end  **************************************************
2019-12-03 11:32:14,243 - config.mobile - INFO - Success get mobile data, spend 0.005514383316040039 seconds
2019-12-03 11:32:14,246 - Mytest.Mytest - INFO - ****************************************  start  **************************************************
2019-12-03 11:32:14,246 - common.mySelenium - INFO - Start a new browser: chrome
2019-12-03 11:32:16,309 - common.mySelenium - INFO - Success Open "chrome" browser.
2019-12-03 11:32:17,446 - common.mySelenium - INFO - Success Maximize window, spend 1.1374669075012207 seconds
2019-12-03 11:32:19,034 - common.mySelenium - INFO - Success Open url: https://www.ztestin.com/, spend 1.5859215259552002 seconds
2019-12-03 11:32:19,055 - common.mySelenium - INFO - Success Find targeting element:"class->nav_fff", spend 0.020511150360107422 seconds
2019-12-03 11:32:19,061 - common.mySelenium - INFO - Success Find element "nav_fff" through "class", spend 0.00574493408203125 seconds
2019-12-03 11:32:19,576 - common.mySelenium - INFO - Success Click element:"class->nav_fff", spend 0.5210282802581787 seconds
2019-12-03 11:32:24,688 - common.mySelenium - INFO - Success Quit window/app. spend 2.1109845638275146 seconds
2019-12-03 11:32:24,689 - Mytest.Mytest - INFO - ****************************************  end  **************************************************
2019-12-03 11:33:19,573 - config.mobile - INFO - Success get mobile data, spend 0.005518913269042969 seconds
2019-12-03 11:33:19,575 - Mytest.Mytest - INFO - ****************************************  start  **************************************************
2019-12-03 11:33:19,576 - common.mySelenium - INFO - Start a new browser: chrome
2019-12-03 11:33:21,651 - common.mySelenium - INFO - Success Open "chrome" browser.
2019-12-03 11:33:22,775 - common.mySelenium - INFO - Success Maximize window, spend 1.1245458126068115 seconds
2019-12-03 11:33:24,479 - common.mySelenium - INFO - Success Open url: https://www.ztestin.com/, spend 1.7021644115447998 seconds
2019-12-03 11:33:24,488 - common.mySelenium - INFO - Success Find targeting element:"class->nav_fff", spend 0.009024381637573242 seconds
2019-12-03 11:33:24,494 - common.mySelenium - INFO - Success Find element "nav_fff" through "class", spend 0.005899906158447266 seconds
2019-12-03 11:33:25,177 - common.mySelenium - INFO - Success Click element:"class->nav_fff", spend 0.6887509822845459 seconds
2019-12-03 11:33:30,281 - common.mySelenium - INFO - Success Quit window/app. spend 2.1034300327301025 seconds
2019-12-03 11:33:30,281 - Mytest.Mytest - INFO - ****************************************  end  **************************************************
2019-12-03 11:47:21,492 - config.mobile - INFO - Success get mobile data, spend 0.0055124759674072266 seconds
2019-12-03 11:47:21,494 - Mytest.Mytest - INFO - ****************************************  start  **************************************************
2019-12-03 11:47:21,495 - common.mySelenium - INFO - Start a new browser: chrome
2019-12-03 11:47:23,563 - common.mySelenium - INFO - Success Open "chrome" browser.
2019-12-03 11:47:24,681 - common.mySelenium - INFO - Success Maximize window, spend 1.1179964542388916 seconds
2019-12-03 11:47:26,347 - common.mySelenium - INFO - Success Open url: https://www.ztestin.com/, spend 1.666344404220581 seconds
2019-12-03 11:47:26,356 - common.mySelenium - INFO - Success Find element "nav_fff" through "class", spend 0.00852656364440918 seconds
2019-12-03 11:47:27,133 - common.mySelenium - INFO - Success Click element:"class->nav_fff", spend 0.7854874134063721 seconds
2019-12-03 11:47:36,472 - config.mobile - INFO - Success get mobile data, spend 0.005515336990356445 seconds
2019-12-03 11:47:36,474 - common.Mymobile - INFO - ****************************************  start  **************************************************
2019-12-03 11:47:43,543 - common.mySelenium - INFO - Success Open "掌上WeGame" app, spend 7.068364381790161 seconds
2019-12-03 11:47:45,020 - common.mySelenium - INFO - Success Find targeting element:"id->com.tencent.tgp:id/qqLogin", spend 1.4762437343597412 seconds
2019-12-03 11:47:50,343 - common.Mymobile - INFO - ****************************************  end  **************************************************
2019-12-03 11:47:51,314 - common.mySelenium - INFO - Success Quit window/app. spend 0.9698281288146973 seconds
2019-12-03 11:48:16,797 - config.mobile - INFO - Success get mobile data, spend 0.005486011505126953 seconds
2019-12-03 11:48:16,799 - common.Mymobile - INFO - ****************************************  start  **************************************************
2019-12-03 11:48:23,064 - common.mySelenium - INFO - Success Open "掌上WeGame" app, spend 6.26396918296814 seconds
2019-12-03 11:48:24,517 - common.mySelenium - INFO - Success Find targeting element:"id->com.tencent.tgp:id/qqLogin", spend 1.453324794769287 seconds
2019-12-03 11:48:29,519 - common.Mymobile - INFO - ****************************************  end  **************************************************
2019-12-03 11:48:30,350 - common.mySelenium - INFO - Success Quit window/app. spend 0.8313591480255127 seconds
2019-12-03 11:49:08,852 - config.mobile - INFO - Success get mobile data, spend 0.005514860153198242 seconds
2019-12-03 11:49:08,855 - common.Mymobile - INFO - ****************************************  start  **************************************************
2019-12-03 11:49:15,313 - common.mySelenium - INFO - Success Open "掌上WeGame" app, spend 6.457975625991821 seconds
2019-12-03 11:49:16,774 - common.mySelenium - INFO - Success Find targeting element:"id->com.tencent.tgp:id/qqLogin", spend 1.460866928100586 seconds
2019-12-03 11:49:22,057 - common.Mymobile - INFO - ****************************************  end  **************************************************
2019-12-03 11:49:22,933 - common.mySelenium - INFO - Success Quit window/app. spend 0.8751938343048096 seconds
